Build started 13/07/2016 16:26:03.
     1>Project "C:\Users\Diana\documents\visual studio 2013\Projects\ProjectOverseer\Overseer - GUI\Overseer - GUI.vcxproj" on node 2 (Build target(s)).
     1>ClCompile:
         C:\Program Files (x86)\Microsoft Visual Studio 12.0\VC\bin\CL.exe /c /I"C:\Users\Diana\documents\visual studio 2013\Projects\ProjectOverseer\/API/SFML/include" /ZI /nologo /W3 /WX- /sdl /Od /Oy- /D _MBCS /Gm /EHsc /RTC1 /MDd /GS /fp:precise /Zc:wchar_t /Zc:forScope /Fo"Debug\\" /Fd"Debug\vc120.pdb" /Gd /TP /analyze- /errorReport:prompt Button.cpp CheckBox.cpp Display.cpp main.cpp TextBox.cpp
         TextBox.cpp
     1>c:\users\diana\documents\visual studio 2013\projects\projectoverseer\overseer - gui\textbox.h(48): warning C4244: 'argument' : conversion from 'int' to 'float', possible loss of data
     1>c:\users\diana\documents\visual studio 2013\projects\projectoverseer\overseer - gui\textbox.h(70): warning C4244: 'argument' : conversion from 'int' to 'float', possible loss of data
     1>c:\users\diana\documents\visual studio 2013\projects\projectoverseer\overseer - gui\textbox.h(144): warning C4018: '<' : signed/unsigned mismatch
         main.cpp
     1>c:\users\diana\documents\visual studio 2013\projects\projectoverseer\overseer - gui\button.h(45): warning C4244: 'argument' : conversion from 'int' to 'float', possible loss of data
     1>c:\users\diana\documents\visual studio 2013\projects\projectoverseer\overseer - gui\textbox.h(48): warning C4244: 'argument' : conversion from 'int' to 'float', possible loss of data
     1>c:\users\diana\documents\visual studio 2013\projects\projectoverseer\overseer - gui\textbox.h(70): warning C4244: 'argument' : conversion from 'int' to 'float', possible loss of data
     1>c:\users\diana\documents\visual studio 2013\projects\projectoverseer\overseer - gui\textbox.h(144): warning C4018: '<' : signed/unsigned mismatch
         Display.cpp
     1>c:\users\diana\documents\visual studio 2013\projects\projectoverseer\overseer - gui\button.h(45): warning C4244: 'argument' : conversion from 'int' to 'float', possible loss of data
     1>c:\users\diana\documents\visual studio 2013\projects\projectoverseer\overseer - gui\textbox.h(48): warning C4244: 'argument' : conversion from 'int' to 'float', possible loss of data
     1>c:\users\diana\documents\visual studio 2013\projects\projectoverseer\overseer - gui\textbox.h(70): warning C4244: 'argument' : conversion from 'int' to 'float', possible loss of data
     1>c:\users\diana\documents\visual studio 2013\projects\projectoverseer\overseer - gui\textbox.h(144): warning C4018: '<' : signed/unsigned mismatch
         CheckBox.cpp
         Button.cpp
     1>c:\users\diana\documents\visual studio 2013\projects\projectoverseer\overseer - gui\button.h(45): warning C4244: 'argument' : conversion from 'int' to 'float', possible loss of data
         Generating Code...
       Link:
         C:\Program Files (x86)\Microsoft Visual Studio 12.0\VC\bin\link.exe /ERRORREPORT:PROMPT /OUT:"C:\Users\Diana\documents\visual studio 2013\Projects\ProjectOverseer\Debug\Overseer - GUI.exe" /INCREMENTAL /NOLOGO /LIBPATH:"C:\Users\Diana\documents\visual studio 2013\Projects\ProjectOverseer\/API/SFML/lib" "sfml-graphics-d.lib" "sfml-audio-d.lib" "sfml-system-d.lib" "sfml-window-d.lib" kernel32.lib user32.lib gdi32.lib winspool.lib comdlg32.lib advapi32.lib shell32.lib ole32.lib oleaut32.lib uuid.lib odbc32.lib odbccp32.lib /MANIFEST /MANIFESTUAC:"level='asInvoker' uiAccess='false'" /manifest:embed /DEBUG /PDB:"C:\Users\Diana\documents\visual studio 2013\Projects\ProjectOverseer\Debug\Overseer - GUI.pdb" /TLBID:1 /DYNAMICBASE /NXCOMPAT /IMPLIB:"C:\Users\Diana\documents\visual studio 2013\Projects\ProjectOverseer\Debug\Overseer - GUI.lib" /MACHINE:X86 Debug\Button.obj
         Debug\CheckBox.obj
         Debug\Display.obj
         Debug\main.obj
         Debug\TextBox.obj
         Overseer - GUI.vcxproj -> C:\Users\Diana\documents\visual studio 2013\Projects\ProjectOverseer\Debug\Overseer - GUI.exe
     1>Done Building Project "C:\Users\Diana\documents\visual studio 2013\Projects\ProjectOverseer\Overseer - GUI\Overseer - GUI.vcxproj" (Build target(s)).

Build succeeded.

Time Elapsed 00:00:24.09
